<?xml version="1.0" encoding="UTF-8"?>
<testng-results ignored="0" total="1" passed="1" failed="0" skipped="0">
  <reporter-output>
  </reporter-output>
  <suite started-at="2025-09-11T11:49:10 IST" name="NaukariSuite" finished-at="2025-09-11T11:49:27 IST" duration-ms="17390">
    <groups>
    </groups>
    <test started-at="2025-09-11T11:49:10 IST" name="ResumeUpdateTest" finished-at="2025-09-11T11:49:27 IST" duration-ms="17390">
      <class name="Naukari.Resumeupdate">
        <test-method signature="naukarilogin()[pri:0, instance:Naukari.Resumeupdate@59fd97a8]" started-at="2025-09-11T11:49:10 IST" name="naukarilogin" finished-at="2025-09-11T11:49:27 IST" duration-ms="17332" status="PASS">
          <reporter-output>
          </reporter-output>
        </test-method> <!-- naukarilogin -->
      </class> <!-- Naukari.Resumeupdate -->
    </test> <!-- ResumeUpdateTest -->
  </suite> <!-- NaukariSuite -->
</testng-results>
