<?xml version="1.0" encoding="UTF-8"?>
<testng-results ignored="0" total="1" passed="1" failed="0" skipped="0">
  <reporter-output>
  </reporter-output>
  <suite started-at="2025-09-09T19:23:58 IST" name="Default suite" finished-at="2025-09-09T19:24:11 IST" duration-ms="13259">
    <groups>
    </groups>
    <test started-at="2025-09-09T19:23:58 IST" name="Default test" finished-at="2025-09-09T19:24:11 IST" duration-ms="13259">
      <class name="Naukari.Resumeupdate">
        <test-method signature="naukarilogin()[pri:0, instance:Naukari.Resumeupdate@36fc695d]" started-at="2025-09-09T19:23:58 IST" name="naukarilogin" finished-at="2025-09-09T19:24:11 IST" duration-ms="13179" status="PASS">
          <reporter-output>
          </reporter-output>
        </test-method> <!-- naukarilogin -->
      </class> <!-- Naukari.Resumeupdate -->
    </test> <!-- Default test -->
  </suite> <!-- Default suite -->
</testng-results>
